<?xml version="1.0" encoding="UTF-8"?>
<!-- Generated by org.testng.reporters.JUnitReportReporter -->
<testsuite skipped="0" hostname="DESKTOP-4MHDLOV" name="com.inetbanking.testCases.TC_AddCustomerTest_003" tests="1" failures="0" timestamp="09 Jun 2021 06:05:26 GMT" time="23.520" errors="0">
  <testcase name="addNewCustomer" time="23.520" classname="com.inetbanking.testCases.TC_AddCustomerTest_003"/>
</testsuite> <!-- com.inetbanking.testCases.TC_AddCustomerTest_003 -->
