<?xml version="1.0" encoding="UTF-8"?>
<!-- Generated by org.testng.reporters.JUnitReportReporter -->
<testsuite skipped="0" hostname="DESKTOP-4MHDLOV" name="com.inetbanking.testCases.TC_LoginTest_001" tests="1" failures="0" timestamp="09 Jun 2021 05:42:59 GMT" time="3.797" errors="0">
  <testcase name="loginTest" time="3.797" classname="com.inetbanking.testCases.TC_LoginTest_001"/>
</testsuite> <!-- com.inetbanking.testCases.TC_LoginTest_001 -->
