<?xml version="1.0" encoding="UTF-8"?>
<!-- Generated by org.testng.reporters.JUnitReportReporter -->
<testsuite skipped="0" hostname="DESKTOP-4MHDLOV" name="com.inetbanking.testCases.TC_LoginTest_0001" tests="1" failures="0" timestamp="14 Jun 2021 07:26:59 GMT" time="7.809" errors="0">
  <testcase name="loginTest" time="7.809" classname="com.inetbanking.testCases.TC_LoginTest_0001"/>
</testsuite> <!-- com.inetbanking.testCases.TC_LoginTest_0001 -->
